\BOOKMARK [0][-]{chapter.1}{\376\377\0001\000\040\000S\000u\000m\000m\000a\000r\000y}{}% 1
\BOOKMARK [1][-]{subsection.1.0.1}{\376\377\0001\000.\0000\000.\0001\000\040\000D\000e\000p\000e\000n\000d\000e\000n\000c\000i\000e\000s}{chapter.1}% 2
\BOOKMARK [2][-]{subsection.1.0.2}{\376\377\0001\000.\0000\000.\0002\000\040\000C\000o\000m\000p\000i\000l\000a\000t\000i\000o\000n\000\040\000a\000n\000d\000\040\000U\000s\000a\000g\000e}{subsection.1.0.1}% 3
\BOOKMARK [2][-]{subsection.1.0.3}{\376\377\0001\000.\0000\000.\0003\000\040\000A\000t\000t\000r\000i\000b\000u\000t\000i\000o\000n}{subsection.1.0.1}% 4
\BOOKMARK [2][-]{subsection.1.0.4}{\376\377\0001\000.\0000\000.\0004\000\040\000L\000i\000c\000e\000n\000s\000e}{subsection.1.0.1}% 5
\BOOKMARK [0][-]{chapter.2}{\376\377\0002\000\040\000D\000a\000t\000a\000\040\000S\000t\000r\000u\000c\000t\000u\000r\000e\000\040\000I\000n\000d\000e\000x}{}% 6
\BOOKMARK [1][-]{section.2.1}{\376\377\0002\000.\0001\000\040\000D\000a\000t\000a\000\040\000S\000t\000r\000u\000c\000t\000u\000r\000e\000s}{chapter.2}% 7
\BOOKMARK [0][-]{chapter.3}{\376\377\0003\000\040\000F\000i\000l\000e\000\040\000I\000n\000d\000e\000x}{}% 8
\BOOKMARK [1][-]{section.3.1}{\376\377\0003\000.\0001\000\040\000F\000i\000l\000e\000\040\000L\000i\000s\000t}{chapter.3}% 9
\BOOKMARK [0][-]{chapter.4}{\376\377\0004\000\040\000D\000a\000t\000a\000\040\000S\000t\000r\000u\000c\000t\000u\000r\000e\000\040\000D\000o\000c\000u\000m\000e\000n\000t\000a\000t\000i\000o\000n}{}% 10
\BOOKMARK [1][-]{section.4.1}{\376\377\0004\000.\0001\000\040\000C\000l\000a\000s\000s\000\137\000C\000o\000s\000m\000o\000l\000o\000g\000y\000\137\000S\000t\000r\000u\000c\000t\000\040\000S\000t\000r\000u\000c\000t\000\040\000R\000e\000f\000e\000r\000e\000n\000c\000e}{chapter.4}% 11
\BOOKMARK [2][-]{subsection.4.1.1}{\376\377\0004\000.\0001\000.\0001\000\040\000D\000e\000t\000a\000i\000l\000e\000d\000\040\000D\000e\000s\000c\000r\000i\000p\000t\000i\000o\000n}{section.4.1}% 12
\BOOKMARK [2][-]{subsection.4.1.2}{\376\377\0004\000.\0001\000.\0002\000\040\000F\000i\000e\000l\000d\000\040\000D\000o\000c\000u\000m\000e\000n\000t\000a\000t\000i\000o\000n}{section.4.1}% 13
\BOOKMARK [3][-]{subsubsection.4.1.2.1}{\376\377\0004\000.\0001\000.\0002\000.\0001\000\040\000b\000a}{subsection.4.1.2}% 14
\BOOKMARK [3][-]{subsubsection.4.1.2.2}{\376\377\0004\000.\0001\000.\0002\000.\0002\000\040\000e\000r\000r\000m\000s\000g}{subsection.4.1.2}% 15
\BOOKMARK [3][-]{subsubsection.4.1.2.3}{\376\377\0004\000.\0001\000.\0002\000.\0003\000\040\000l\000e}{subsection.4.1.2}% 16
\BOOKMARK [3][-]{subsubsection.4.1.2.4}{\376\377\0004\000.\0001\000.\0002\000.\0004\000\040\000n\000l}{subsection.4.1.2}% 17
\BOOKMARK [3][-]{subsubsection.4.1.2.5}{\376\377\0004\000.\0001\000.\0002\000.\0005\000\040\000o\000p}{subsection.4.1.2}% 18
\BOOKMARK [3][-]{subsubsection.4.1.2.6}{\376\377\0004\000.\0001\000.\0002\000.\0006\000\040\000p\000m}{subsection.4.1.2}% 19
\BOOKMARK [3][-]{subsubsection.4.1.2.7}{\376\377\0004\000.\0001\000.\0002\000.\0007\000\040\000p\000r}{subsection.4.1.2}% 20
\BOOKMARK [3][-]{subsubsection.4.1.2.8}{\376\377\0004\000.\0001\000.\0002\000.\0008\000\040\000p\000t}{subsection.4.1.2}% 21
\BOOKMARK [3][-]{subsubsection.4.1.2.9}{\376\377\0004\000.\0001\000.\0002\000.\0009\000\040\000s\000p}{subsection.4.1.2}% 22
\BOOKMARK [3][-]{subsubsection.4.1.2.10}{\376\377\0004\000.\0001\000.\0002\000.\0001\0000\000\040\000t\000h}{subsection.4.1.2}% 23
\BOOKMARK [3][-]{subsubsection.4.1.2.11}{\376\377\0004\000.\0001\000.\0002\000.\0001\0001\000\040\000t\000r}{subsection.4.1.2}% 24
\BOOKMARK [1][-]{section.4.2}{\376\377\0004\000.\0002\000\040\000C\000o\000s\000m\000o\000l\000o\000g\000y\000\040\000S\000t\000r\000u\000c\000t\000\040\000R\000e\000f\000e\000r\000e\000n\000c\000e}{chapter.4}% 25
\BOOKMARK [2][-]{subsection.4.2.1}{\376\377\0004\000.\0002\000.\0001\000\040\000D\000e\000t\000a\000i\000l\000e\000d\000\040\000D\000e\000s\000c\000r\000i\000p\000t\000i\000o\000n}{section.4.2}% 26
\BOOKMARK [2][-]{subsection.4.2.2}{\376\377\0004\000.\0002\000.\0002\000\040\000F\000i\000e\000l\000d\000\040\000D\000o\000c\000u\000m\000e\000n\000t\000a\000t\000i\000o\000n}{section.4.2}% 27
\BOOKMARK [3][-]{subsubsection.4.2.2.1}{\376\377\0004\000.\0002\000.\0002\000.\0001\000\040\000c\000c\000s}{subsection.4.2.2}% 28
\BOOKMARK [3][-]{subsubsection.4.2.2.2}{\376\377\0004\000.\0002\000.\0002\000.\0002\000\040\000c\000o\000s\000m\000o\000\137\000p\000a\000r\000s}{subsection.4.2.2}% 29
\BOOKMARK [3][-]{subsubsection.4.2.2.3}{\376\377\0004\000.\0002\000.\0002\000.\0003\000\040\000L\000i\000n\000e\000s}{subsection.4.2.2}% 30
\BOOKMARK [3][-]{subsubsection.4.2.2.4}{\376\377\0004\000.\0002\000.\0002\000.\0004\000\040\000m\000o\000d\000e\000\137\000n\000u}{subsection.4.2.2}% 31
\BOOKMARK [3][-]{subsubsection.4.2.2.5}{\376\377\0004\000.\0002\000.\0002\000.\0005\000\040\000N\000L\000i\000n\000e\000s}{subsection.4.2.2}% 32
\BOOKMARK [1][-]{section.4.3}{\376\377\0004\000.\0003\000\040\000g\000l\000o\000b\000a\000l\000s\000\040\000S\000t\000r\000u\000c\000t\000\040\000R\000e\000f\000e\000r\000e\000n\000c\000e}{chapter.4}% 33
\BOOKMARK [2][-]{subsection.4.3.1}{\376\377\0004\000.\0003\000.\0001\000\040\000D\000e\000t\000a\000i\000l\000e\000d\000\040\000D\000e\000s\000c\000r\000i\000p\000t\000i\000o\000n}{section.4.3}% 34
\BOOKMARK [2][-]{subsection.4.3.2}{\376\377\0004\000.\0003\000.\0002\000\040\000F\000i\000e\000l\000d\000\040\000D\000o\000c\000u\000m\000e\000n\000t\000a\000t\000i\000o\000n}{section.4.3}% 35
\BOOKMARK [3][-]{subsubsection.4.3.2.1}{\376\377\0004\000.\0003\000.\0002\000.\0001\000\040\000A\000s}{subsection.4.3.2}% 36
\BOOKMARK [3][-]{subsubsection.4.3.2.2}{\376\377\0004\000.\0003\000.\0002\000.\0002\000\040\000b\0001}{subsection.4.3.2}% 37
\BOOKMARK [3][-]{subsubsection.4.3.2.3}{\376\377\0004\000.\0003\000.\0002\000.\0003\000\040\000c}{subsection.4.3.2}% 38
\BOOKMARK [3][-]{subsubsection.4.3.2.4}{\376\377\0004\000.\0003\000.\0002\000.\0004\000\040\000d\000a\000t\000a\000\137\000d\000i\000r}{subsection.4.3.2}% 39
\BOOKMARK [3][-]{subsubsection.4.3.2.5}{\376\377\0004\000.\0003\000.\0002\000.\0005\000\040\000d\000a\000t\000a\000\137\000p\000r\000i\000o\000r\000s}{subsection.4.3.2}% 40
\BOOKMARK [3][-]{subsubsection.4.3.2.6}{\376\377\0004\000.\0003\000.\0002\000.\0006\000\040\000h}{subsection.4.3.2}% 41
\BOOKMARK [3][-]{subsubsection.4.3.2.7}{\376\377\0004\000.\0003\000.\0002\000.\0007\000\040\000H\0000}{subsection.4.3.2}% 42
\BOOKMARK [3][-]{subsubsection.4.3.2.8}{\376\377\0004\000.\0003\000.\0002\000.\0008\000\040\000h\000\137\000m}{subsection.4.3.2}% 43
\BOOKMARK [3][-]{subsubsection.4.3.2.9}{\376\377\0004\000.\0003\000.\0002\000.\0009\000\040\000k\000f}{subsection.4.3.2}% 44
\BOOKMARK [3][-]{subsubsection.4.3.2.10}{\376\377\0004\000.\0003\000.\0002\000.\0001\0000\000\040\000k\000p}{subsection.4.3.2}% 45
\BOOKMARK [3][-]{subsubsection.4.3.2.11}{\376\377\0004\000.\0003\000.\0002\000.\0001\0001\000\040\000l\000o\000g\000A\000s}{subsection.4.3.2}% 46
\BOOKMARK [3][-]{subsubsection.4.3.2.12}{\376\377\0004\000.\0003\000.\0002\000.\0001\0002\000\040\000l\000o\000g\000M\000\137\000a\000c\000c\000e\000l\000\137\000p\000t\000r}{subsection.4.3.2}% 47
\BOOKMARK [3][-]{subsubsection.4.3.2.13}{\376\377\0004\000.\0003\000.\0002\000.\0001\0003\000\040\000l\000o\000g\000S\000F\000R\000\137\000s\000p\000l\000i\000n\000e\0002\000d\000\137\000p\000t\000r}{subsection.4.3.2}% 48
\BOOKMARK [3][-]{subsubsection.4.3.2.14}{\376\377\0004\000.\0003\000.\0002\000.\0001\0004\000\040\000M\000\137\000m\000a\000x}{subsection.4.3.2}% 49
\BOOKMARK [3][-]{subsubsection.4.3.2.15}{\376\377\0004\000.\0003\000.\0002\000.\0001\0005\000\040\000M\000\137\000m\000i\000n}{subsection.4.3.2}% 50
\BOOKMARK [3][-]{subsubsection.4.3.2.16}{\376\377\0004\000.\0003\000.\0002\000.\0001\0006\000\040\000m\000a\000s\000s}{subsection.4.3.2}% 51
\BOOKMARK [3][-]{subsubsection.4.3.2.17}{\376\377\0004\000.\0003\000.\0002\000.\0001\0007\000\040\000n\000g}{subsection.4.3.2}% 52
\BOOKMARK [3][-]{subsubsection.4.3.2.18}{\376\377\0004\000.\0003\000.\0002\000.\0001\0008\000\040\000N\000p\000a\000r\000s}{subsection.4.3.2}% 53
\BOOKMARK [3][-]{subsubsection.4.3.2.19}{\376\377\0004\000.\0003\000.\0002\000.\0001\0009\000\040\000n\000s}{subsection.4.3.2}% 54
\BOOKMARK [3][-]{subsubsection.4.3.2.20}{\376\377\0004\000.\0003\000.\0002\000.\0002\0000\000\040\000O\000m\000e\000g\000a\000\137\000b}{subsection.4.3.2}% 55
\BOOKMARK [3][-]{subsubsection.4.3.2.21}{\376\377\0004\000.\0003\000.\0002\000.\0002\0001\000\040\000O\000m\000e\000g\000a\000\137\000c\000d\000m}{subsection.4.3.2}% 56
\BOOKMARK [3][-]{subsubsection.4.3.2.22}{\376\377\0004\000.\0003\000.\0002\000.\0002\0002\000\040\000O\000m\000e\000g\000a\000\137\000g}{subsection.4.3.2}% 57
\BOOKMARK [3][-]{subsubsection.4.3.2.23}{\376\377\0004\000.\0003\000.\0002\000.\0002\0003\000\040\000O\000m\000e\000g\000a\000\137\000l\000a\000m\000b\000d\000a}{subsection.4.3.2}% 58
\BOOKMARK [3][-]{subsubsection.4.3.2.24}{\376\377\0004\000.\0003\000.\0002\000.\0002\0004\000\040\000O\000m\000e\000g\000a\000\137\000n\000u}{subsection.4.3.2}% 59
\BOOKMARK [3][-]{subsubsection.4.3.2.25}{\376\377\0004\000.\0003\000.\0002\000.\0002\0005\000\040\000O\000m\000e\000g\000a\000\137\000r}{subsection.4.3.2}% 60
\BOOKMARK [3][-]{subsubsection.4.3.2.26}{\376\377\0004\000.\0003\000.\0002\000.\0002\0006\000\040\000o\000u\000t\000p\000u\000t\000\137\000d\000i\000r}{subsection.4.3.2}% 61
\BOOKMARK [3][-]{subsubsection.4.3.2.27}{\376\377\0004\000.\0003\000.\0002\000.\0002\0007\000\040\000P\000l\000a\000n\000c\000k\000\137\000F\000i\000s\000h\000e\000r\000\137\000f\000i\000l\000e\000n\000a\000m\000e}{subsection.4.3.2}% 62
\BOOKMARK [3][-]{subsubsection.4.3.2.28}{\376\377\0004\000.\0003\000.\0002\000.\0002\0008\000\040\000p\000r\000o\000j\000e\000c\000t\000\137\000h\000o\000m\000e}{subsection.4.3.2}% 63
\BOOKMARK [3][-]{subsubsection.4.3.2.29}{\376\377\0004\000.\0003\000.\0002\000.\0002\0009\000\040\000P\000S\000\137\000k\000m\000a\000x}{subsection.4.3.2}% 64
\BOOKMARK [3][-]{subsubsection.4.3.2.30}{\376\377\0004\000.\0003\000.\0002\000.\0003\0000\000\040\000P\000S\000\137\000k\000m\000i\000n}{subsection.4.3.2}% 65
\BOOKMARK [3][-]{subsubsection.4.3.2.31}{\376\377\0004\000.\0003\000.\0002\000.\0003\0001\000\040\000r\000h\000o}{subsection.4.3.2}% 66
\BOOKMARK [3][-]{subsubsection.4.3.2.32}{\376\377\0004\000.\0003\000.\0002\000.\0003\0002\000\040\000S\000F\000R\000\137\000f\000i\000l\000e\000n\000a\000m\000e}{subsection.4.3.2}% 67
\BOOKMARK [3][-]{subsubsection.4.3.2.33}{\376\377\0004\000.\0003\000.\0002\000.\0003\0003\000\040\000s\000i\000g\000F\000O\000G\0000}{subsection.4.3.2}% 68
\BOOKMARK [3][-]{subsubsection.4.3.2.34}{\376\377\0004\000.\0003\000.\0002\000.\0003\0004\000\040\000v\000o\000l\000u\000m\000e}{subsection.4.3.2}% 69
\BOOKMARK [3][-]{subsubsection.4.3.2.35}{\376\377\0004\000.\0003\000.\0002\000.\0003\0005\000\040\000z\000\137\000a\000c\000c\000e\000l\000\137\000p\000t\000r}{subsection.4.3.2}% 70
\BOOKMARK [3][-]{subsubsection.4.3.2.36}{\376\377\0004\000.\0003\000.\0002\000.\0003\0006\000\040\000z\000\137\000i}{subsection.4.3.2}% 71
\BOOKMARK [3][-]{subsubsection.4.3.2.37}{\376\377\0004\000.\0003\000.\0002\000.\0003\0007\000\040\000z\000\137\000m\000a\000x}{subsection.4.3.2}% 72
\BOOKMARK [1][-]{section.4.4}{\376\377\0004\000.\0004\000\040\000i\000n\000t\000e\000g\000r\000a\000n\000d\000\137\000p\000a\000r\000a\000m\000e\000t\000e\000r\000s\000\040\000S\000t\000r\000u\000c\000t\000\040\000R\000e\000f\000e\000r\000e\000n\000c\000e}{chapter.4}% 73
\BOOKMARK [2][-]{subsection.4.4.1}{\376\377\0004\000.\0004\000.\0001\000\040\000D\000e\000t\000a\000i\000l\000e\000d\000\040\000D\000e\000s\000c\000r\000i\000p\000t\000i\000o\000n}{section.4.4}% 74
\BOOKMARK [2][-]{subsection.4.4.2}{\376\377\0004\000.\0004\000.\0002\000\040\000F\000i\000e\000l\000d\000\040\000D\000o\000c\000u\000m\000e\000n\000t\000a\000t\000i\000o\000n}{section.4.4}% 75
\BOOKMARK [3][-]{subsubsection.4.4.2.1}{\376\377\0004\000.\0004\000.\0002\000.\0001\000\040\000p\0001}{subsection.4.4.2}% 76
\BOOKMARK [3][-]{subsubsection.4.4.2.2}{\376\377\0004\000.\0004\000.\0002\000.\0002\000\040\000p\0001\0000}{subsection.4.4.2}% 77
\BOOKMARK [3][-]{subsubsection.4.4.2.3}{\376\377\0004\000.\0004\000.\0002\000.\0003\000\040\000p\0001\0001}{subsection.4.4.2}% 78
\BOOKMARK [3][-]{subsubsection.4.4.2.4}{\376\377\0004\000.\0004\000.\0002\000.\0004\000\040\000p\0001\0002}{subsection.4.4.2}% 79
\BOOKMARK [3][-]{subsubsection.4.4.2.5}{\376\377\0004\000.\0004\000.\0002\000.\0005\000\040\000p\0001\0003}{subsection.4.4.2}% 80
\BOOKMARK [3][-]{subsubsection.4.4.2.6}{\376\377\0004\000.\0004\000.\0002\000.\0006\000\040\000p\0002}{subsection.4.4.2}% 81
\BOOKMARK [3][-]{subsubsection.4.4.2.7}{\376\377\0004\000.\0004\000.\0002\000.\0007\000\040\000p\0003}{subsection.4.4.2}% 82
\BOOKMARK [3][-]{subsubsection.4.4.2.8}{\376\377\0004\000.\0004\000.\0002\000.\0008\000\040\000p\0004}{subsection.4.4.2}% 83
\BOOKMARK [3][-]{subsubsection.4.4.2.9}{\376\377\0004\000.\0004\000.\0002\000.\0009\000\040\000p\0005}{subsection.4.4.2}% 84
\BOOKMARK [3][-]{subsubsection.4.4.2.10}{\376\377\0004\000.\0004\000.\0002\000.\0001\0000\000\040\000p\0006}{subsection.4.4.2}% 85
\BOOKMARK [3][-]{subsubsection.4.4.2.11}{\376\377\0004\000.\0004\000.\0002\000.\0001\0001\000\040\000p\0007}{subsection.4.4.2}% 86
\BOOKMARK [3][-]{subsubsection.4.4.2.12}{\376\377\0004\000.\0004\000.\0002\000.\0001\0002\000\040\000p\0008}{subsection.4.4.2}% 87
\BOOKMARK [3][-]{subsubsection.4.4.2.13}{\376\377\0004\000.\0004\000.\0002\000.\0001\0003\000\040\000p\0009}{subsection.4.4.2}% 88
\BOOKMARK [1][-]{section.4.5}{\376\377\0004\000.\0005\000\040\000i\000n\000t\000e\000g\000r\000a\000n\000d\000\137\000p\000a\000r\000a\000m\000e\000t\000e\000r\000s\0002\000\040\000S\000t\000r\000u\000c\000t\000\040\000R\000e\000f\000e\000r\000e\000n\000c\000e}{chapter.4}% 89
\BOOKMARK [2][-]{subsection.4.5.1}{\376\377\0004\000.\0005\000.\0001\000\040\000D\000e\000t\000a\000i\000l\000e\000d\000\040\000D\000e\000s\000c\000r\000i\000p\000t\000i\000o\000n}{section.4.5}% 90
\BOOKMARK [2][-]{subsection.4.5.2}{\376\377\0004\000.\0005\000.\0002\000\040\000F\000i\000e\000l\000d\000\040\000D\000o\000c\000u\000m\000e\000n\000t\000a\000t\000i\000o\000n}{section.4.5}% 91
\BOOKMARK [3][-]{subsubsection.4.5.2.1}{\376\377\0004\000.\0005\000.\0002\000.\0001\000\040\000p\0001}{subsection.4.5.2}% 92
\BOOKMARK [3][-]{subsubsection.4.5.2.2}{\376\377\0004\000.\0005\000.\0002\000.\0002\000\040\000p\0001\0000}{subsection.4.5.2}% 93
\BOOKMARK [3][-]{subsubsection.4.5.2.3}{\376\377\0004\000.\0005\000.\0002\000.\0003\000\040\000p\0001\0001}{subsection.4.5.2}% 94
\BOOKMARK [3][-]{subsubsection.4.5.2.4}{\376\377\0004\000.\0005\000.\0002\000.\0004\000\040\000p\0001\0002}{subsection.4.5.2}% 95
\BOOKMARK [3][-]{subsubsection.4.5.2.5}{\376\377\0004\000.\0005\000.\0002\000.\0005\000\040\000p\0001\0003}{subsection.4.5.2}% 96
\BOOKMARK [3][-]{subsubsection.4.5.2.6}{\376\377\0004\000.\0005\000.\0002\000.\0006\000\040\000p\0001\0004}{subsection.4.5.2}% 97
\BOOKMARK [3][-]{subsubsection.4.5.2.7}{\376\377\0004\000.\0005\000.\0002\000.\0007\000\040\000p\0001\0005}{subsection.4.5.2}% 98
\BOOKMARK [3][-]{subsubsection.4.5.2.8}{\376\377\0004\000.\0005\000.\0002\000.\0008\000\040\000p\0001\0006}{subsection.4.5.2}% 99
\BOOKMARK [3][-]{subsubsection.4.5.2.9}{\376\377\0004\000.\0005\000.\0002\000.\0009\000\040\000p\0001\0007}{subsection.4.5.2}% 100
\BOOKMARK [3][-]{subsubsection.4.5.2.10}{\376\377\0004\000.\0005\000.\0002\000.\0001\0000\000\040\000p\0001\0008}{subsection.4.5.2}% 101
\BOOKMARK [3][-]{subsubsection.4.5.2.11}{\376\377\0004\000.\0005\000.\0002\000.\0001\0001\000\040\000p\0001\0009}{subsection.4.5.2}% 102
\BOOKMARK [3][-]{subsubsection.4.5.2.12}{\376\377\0004\000.\0005\000.\0002\000.\0001\0002\000\040\000p\0002}{subsection.4.5.2}% 103
\BOOKMARK [3][-]{subsubsection.4.5.2.13}{\376\377\0004\000.\0005\000.\0002\000.\0001\0003\000\040\000p\0002\0000}{subsection.4.5.2}% 104
\BOOKMARK [3][-]{subsubsection.4.5.2.14}{\376\377\0004\000.\0005\000.\0002\000.\0001\0004\000\040\000p\0002\0002}{subsection.4.5.2}% 105
\BOOKMARK [3][-]{subsubsection.4.5.2.15}{\376\377\0004\000.\0005\000.\0002\000.\0001\0005\000\040\000p\0003}{subsection.4.5.2}% 106
\BOOKMARK [3][-]{subsubsection.4.5.2.16}{\376\377\0004\000.\0005\000.\0002\000.\0001\0006\000\040\000p\0004}{subsection.4.5.2}% 107
\BOOKMARK [3][-]{subsubsection.4.5.2.17}{\376\377\0004\000.\0005\000.\0002\000.\0001\0007\000\040\000p\0005}{subsection.4.5.2}% 108
\BOOKMARK [3][-]{subsubsection.4.5.2.18}{\376\377\0004\000.\0005\000.\0002\000.\0001\0008\000\040\000p\0006}{subsection.4.5.2}% 109
\BOOKMARK [3][-]{subsubsection.4.5.2.19}{\376\377\0004\000.\0005\000.\0002\000.\0001\0009\000\040\000p\0007}{subsection.4.5.2}% 110
\BOOKMARK [3][-]{subsubsection.4.5.2.20}{\376\377\0004\000.\0005\000.\0002\000.\0002\0000\000\040\000p\0008}{subsection.4.5.2}% 111
\BOOKMARK [3][-]{subsubsection.4.5.2.21}{\376\377\0004\000.\0005\000.\0002\000.\0002\0001\000\040\000p\0009}{subsection.4.5.2}% 112
\BOOKMARK [1][-]{section.4.6}{\376\377\0004\000.\0006\000\040\000L\000i\000n\000e\000\040\000S\000t\000r\000u\000c\000t\000\040\000R\000e\000f\000e\000r\000e\000n\000c\000e}{chapter.4}% 113
\BOOKMARK [2][-]{subsection.4.6.1}{\376\377\0004\000.\0006\000.\0001\000\040\000D\000e\000t\000a\000i\000l\000e\000d\000\040\000D\000e\000s\000c\000r\000i\000p\000t\000i\000o\000n}{section.4.6}% 114
\BOOKMARK [2][-]{subsection.4.6.2}{\376\377\0004\000.\0006\000.\0002\000\040\000F\000i\000e\000l\000d\000\040\000D\000o\000c\000u\000m\000e\000n\000t\000a\000t\000i\000o\000n}{section.4.6}% 115
\BOOKMARK [3][-]{subsubsection.4.6.2.1}{\376\377\0004\000.\0006\000.\0002\000.\0001\000\040\000b\0001\000\137\000L\000W\000\137\000a\000c\000c\000e\000l\000\137\000p\000t\000r}{subsection.4.6.2}% 116
\BOOKMARK [3][-]{subsubsection.4.6.2.2}{\376\377\0004\000.\0006\000.\0002\000.\0002\000\040\000b\0001\000\137\000L\000W\000\137\000s\000p\000l\000i\000n\000e\000\137\000p\000t\000r}{subsection.4.6.2}% 117
\BOOKMARK [3][-]{subsubsection.4.6.2.3}{\376\377\0004\000.\0006\000.\0002\000.\0003\000\040\000b\0002\000\137\000L\000W\000\137\000a\000c\000c\000e\000l\000\137\000p\000t\000r}{subsection.4.6.2}% 118
\BOOKMARK [3][-]{subsubsection.4.6.2.4}{\376\377\0004\000.\0006\000.\0002\000.\0004\000\040\000b\0002\000\137\000L\000W\000\137\000s\000p\000l\000i\000n\000e\000\137\000p\000t\000r}{subsection.4.6.2}% 119
\BOOKMARK [3][-]{subsubsection.4.6.2.5}{\376\377\0004\000.\0006\000.\0002\000.\0005\000\040\000i\000n\000i\000t\000i\000a\000l\000i\000z\000e\000d}{subsection.4.6.2}% 120
\BOOKMARK [3][-]{subsubsection.4.6.2.6}{\376\377\0004\000.\0006\000.\0002\000.\0006\000\040\000l\000i\000n\000e\000\137\000f\000r\000e\000q}{subsection.4.6.2}% 121
\BOOKMARK [3][-]{subsubsection.4.6.2.7}{\376\377\0004\000.\0006\000.\0002\000.\0007\000\040\000L\000i\000n\000e\000T\000y\000p\000e}{subsection.4.6.2}% 122
\BOOKMARK [3][-]{subsubsection.4.6.2.8}{\376\377\0004\000.\0006\000.\0002\000.\0008\000\040\000m\000o\000m\0001\000\137\000a\000c\000c\000e\000l\000\137\000p\000t\000r}{subsection.4.6.2}% 123
\BOOKMARK [3][-]{subsubsection.4.6.2.9}{\376\377\0004\000.\0006\000.\0002\000.\0009\000\040\000m\000o\000m\0001\000\137\000s\000p\000l\000i\000n\000e\000\137\000p\000t\000r}{subsection.4.6.2}% 124
\BOOKMARK [3][-]{subsubsection.4.6.2.10}{\376\377\0004\000.\0006\000.\0002\000.\0001\0000\000\040\000m\000o\000m\0002\000\137\000a\000c\000c\000e\000l\000\137\000p\000t\000r}{subsection.4.6.2}% 125
\BOOKMARK [3][-]{subsubsection.4.6.2.11}{\376\377\0004\000.\0006\000.\0002\000.\0001\0001\000\040\000m\000o\000m\0002\000\137\000s\000p\000l\000i\000n\000e\000\137\000p\000t\000r}{subsection.4.6.2}% 126
\BOOKMARK [3][-]{subsubsection.4.6.2.12}{\376\377\0004\000.\0006\000.\0002\000.\0001\0002\000\040\000n\000p\000o\000i\000n\000t\000s\000I\000n\000t\000e\000r\000p}{subsection.4.6.2}% 127
\BOOKMARK [0][-]{chapter.5}{\376\377\0005\000\040\000F\000i\000l\000e\000\040\000D\000o\000c\000u\000m\000e\000n\000t\000a\000t\000i\000o\000n}{}% 128
\BOOKMARK [1][-]{section.5.1}{\376\377\0005\000.\0001\000\040\000R\000E\000A\000D\000M\000E\000.\000m\000d\000\040\000F\000i\000l\000e\000\040\000R\000e\000f\000e\000r\000e\000n\000c\000e}{chapter.5}% 129
\BOOKMARK [1][-]{section.5.2}{\376\377\0005\000.\0002\000\040\000G\000l\000o\000b\000a\000l\000\137\000S\000t\000r\000u\000c\000t\000s\000.\000h\000\040\000F\000i\000l\000e\000\040\000R\000e\000f\000e\000r\000e\000n\000c\000e}{chapter.5}% 130
\BOOKMARK [1][-]{section.5.3}{\376\377\0005\000.\0003\000\040\000G\000l\000o\000b\000a\000l\000\137\000S\000t\000r\000u\000c\000t\000s\000.\000h}{chapter.5}% 131
\BOOKMARK [1][-]{section.5.4}{\376\377\0005\000.\0004\000\040\000h\000e\000a\000d\000e\000r\000.\000h\000\040\000F\000i\000l\000e\000\040\000R\000e\000f\000e\000r\000e\000n\000c\000e}{chapter.5}% 132
\BOOKMARK [2][-]{subsection.5.4.1}{\376\377\0005\000.\0004\000.\0001\000\040\000M\000a\000c\000r\000o\000\040\000D\000e\000f\000i\000n\000i\000t\000i\000o\000n\000\040\000D\000o\000c\000u\000m\000e\000n\000t\000a\000t\000i\000o\000n}{section.5.4}% 133
\BOOKMARK [3][-]{subsubsection.5.4.1.1}{\376\377\0005\000.\0004\000.\0001\000.\0001\000\040\000\137\000G\000N\000U\000\137\000S\000O\000U\000R\000C\000E}{subsection.5.4.1}% 134
\BOOKMARK [3][-]{subsubsection.5.4.1.2}{\376\377\0005\000.\0004\000.\0001\000.\0002\000\040\000B\000S\000P\000L\000I\000N\000E}{subsection.5.4.1}% 135
\BOOKMARK [3][-]{subsubsection.5.4.1.3}{\376\377\0005\000.\0004\000.\0001\000.\0003\000\040\000C\000I\000I}{subsection.5.4.1}% 136
\BOOKMARK [3][-]{subsubsection.5.4.1.4}{\376\377\0005\000.\0004\000.\0001\000.\0004\000\040\000C\000L\000E\000A\000N\000U\000P}{subsection.5.4.1}% 137
\BOOKMARK [3][-]{subsubsection.5.4.1.5}{\376\377\0005\000.\0004\000.\0001\000.\0005\000\040\000C\000O\0001\0000}{subsection.5.4.1}% 138
\BOOKMARK [3][-]{subsubsection.5.4.1.6}{\376\377\0005\000.\0004\000.\0001\000.\0006\000\040\000C\000O\0002\0001}{subsection.5.4.1}% 139
\BOOKMARK [3][-]{subsubsection.5.4.1.7}{\376\377\0005\000.\0004\000.\0001\000.\0007\000\040\000C\000O\0003\0002}{subsection.5.4.1}% 140
\BOOKMARK [3][-]{subsubsection.5.4.1.8}{\376\377\0005\000.\0004\000.\0001\000.\0008\000\040\000C\000O\0004\0003}{subsection.5.4.1}% 141
\BOOKMARK [3][-]{subsubsection.5.4.1.9}{\376\377\0005\000.\0004\000.\0001\000.\0009\000\040\000C\000O\0005\0004}{subsection.5.4.1}% 142
\BOOKMARK [3][-]{subsubsection.5.4.1.10}{\376\377\0005\000.\0004\000.\0001\000.\0001\0000\000\040\000C\000O\0006\0005}{subsection.5.4.1}% 143
\BOOKMARK [3][-]{subsubsection.5.4.1.11}{\376\377\0005\000.\0004\000.\0001\000.\0001\0001\000\040\000D\000E\000R}{subsection.5.4.1}% 144
\BOOKMARK [3][-]{subsubsection.5.4.1.12}{\376\377\0005\000.\0004\000.\0001\000.\0001\0002\000\040\000D\000E\000R\000G\000R\000O\000W\000T\000H}{subsection.5.4.1}% 145
\BOOKMARK [3][-]{subsubsection.5.4.1.13}{\376\377\0005\000.\0004\000.\0001\000.\0001\0003\000\040\000d\000e\000r\000N\000G\000L\000O\000O\000P}{subsection.5.4.1}% 146
\BOOKMARK [3][-]{subsubsection.5.4.1.14}{\376\377\0005\000.\0004\000.\0001\000.\0001\0004\000\040\000D\000O\000\137\000N\000O\000T\000\137\000E\000V\000A\000L\000U\000A\000T\000E}{subsection.5.4.1}% 147
\BOOKMARK [3][-]{subsubsection.5.4.1.15}{\376\377\0005\000.\0004\000.\0001\000.\0001\0005\000\040\000D\000S\000T}{subsection.5.4.1}% 148
\BOOKMARK [3][-]{subsubsection.5.4.1.16}{\376\377\0005\000.\0004\000.\0001\000.\0001\0006\000\040\000E\000Q\000U\000I\000L\000A\000T\000E\000R\000A\000L}{subsection.5.4.1}% 149
\BOOKMARK [3][-]{subsubsection.5.4.1.17}{\376\377\0005\000.\0004\000.\0001\000.\0001\0007\000\040\000G\000A\000M\000M\000A}{subsection.5.4.1}% 150
\BOOKMARK [3][-]{subsubsection.5.4.1.18}{\376\377\0005\000.\0004\000.\0001\000.\0001\0008\000\040\000G\000A\000U\000S\000S\000I\000A\000N}{subsection.5.4.1}% 151
\BOOKMARK [3][-]{subsubsection.5.4.1.19}{\376\377\0005\000.\0004\000.\0001\000.\0001\0009\000\040\000G\000F\000I\000L\000T\000E\000R}{subsection.5.4.1}% 152
\BOOKMARK [3][-]{subsubsection.5.4.1.20}{\376\377\0005\000.\0004\000.\0001\000.\0002\0000\000\040\000G\000R\000O\000W\000T\000H}{subsection.5.4.1}% 153
\BOOKMARK [3][-]{subsubsection.5.4.1.21}{\376\377\0005\000.\0004\000.\0001\000.\0002\0001\000\040\000H\000A\000L\000O}{subsection.5.4.1}% 154
\BOOKMARK [3][-]{subsubsection.5.4.1.22}{\376\377\0005\000.\0004\000.\0001\000.\0002\0002\000\040\000H\000S}{subsection.5.4.1}% 155
\BOOKMARK [3][-]{subsubsection.5.4.1.23}{\376\377\0005\000.\0004\000.\0001\000.\0002\0003\000\040\000I\000N\000I\000T}{subsection.5.4.1}% 156
\BOOKMARK [3][-]{subsubsection.5.4.1.24}{\376\377\0005\000.\0004\000.\0001\000.\0002\0004\000\040\000L\000I\000N\000E}{subsection.5.4.1}% 157
\BOOKMARK [3][-]{subsubsection.5.4.1.25}{\376\377\0005\000.\0004\000.\0001\000.\0002\0005\000\040\000L\000I\000N\000E\000A\000R}{subsection.5.4.1}% 158
\BOOKMARK [3][-]{subsubsection.5.4.1.26}{\376\377\0005\000.\0004\000.\0001\000.\0002\0006\000\040\000L\000I\000N\000E\000M\000A\000T\000T\000E\000R}{subsection.5.4.1}% 159
\BOOKMARK [3][-]{subsubsection.5.4.1.27}{\376\377\0005\000.\0004\000.\0001\000.\0002\0007\000\040\000L\000O\000C\000A\000L}{subsection.5.4.1}% 160
\BOOKMARK [3][-]{subsubsection.5.4.1.28}{\376\377\0005\000.\0004\000.\0001\000.\0002\0008\000\040\000L\000O\000O\000P}{subsection.5.4.1}% 161
\BOOKMARK [3][-]{subsubsection.5.4.1.29}{\376\377\0005\000.\0004\000.\0001\000.\0002\0009\000\040\000L\000P\000O\000W\000E\000R}{subsection.5.4.1}% 162
\BOOKMARK [3][-]{subsubsection.5.4.1.30}{\376\377\0005\000.\0004\000.\0001\000.\0003\0000\000\040\000M\000A\000T\000T\000E\000R}{subsection.5.4.1}% 163
\BOOKMARK [3][-]{subsubsection.5.4.1.31}{\376\377\0005\000.\0004\000.\0001\000.\0003\0001\000\040\000M\000A\000X\000L}{subsection.5.4.1}% 164
\BOOKMARK [3][-]{subsubsection.5.4.1.32}{\376\377\0005\000.\0004\000.\0001\000.\0003\0002\000\040\000N\000G\000L\000O\000O\000P}{subsection.5.4.1}% 165
\BOOKMARK [3][-]{subsubsection.5.4.1.33}{\376\377\0005\000.\0004\000.\0001\000.\0003\0003\000\040\000N\000L\000P\000O\000W\000E\000R}{subsection.5.4.1}% 166
\BOOKMARK [3][-]{subsubsection.5.4.1.34}{\376\377\0005\000.\0004\000.\0001\000.\0003\0004\000\040\000N\000O\000I\000R}{subsection.5.4.1}% 167
\BOOKMARK [3][-]{subsubsection.5.4.1.35}{\376\377\0005\000.\0004\000.\0001\000.\0003\0005\000\040\000N\000O\000N\000G\000A\000U\000S\000S\000I\000A\000N}{subsection.5.4.1}% 168
\BOOKMARK [3][-]{subsubsection.5.4.1.36}{\376\377\0005\000.\0004\000.\0001\000.\0003\0006\000\040\000N\000O\000N\000L\000I\000N\000E\000A\000R}{subsection.5.4.1}% 169
\BOOKMARK [3][-]{subsubsection.5.4.1.37}{\376\377\0005\000.\0004\000.\0001\000.\0003\0007\000\040\000O\000R\000T\000H\000O\000G\000O\000N\000A\000L}{subsection.5.4.1}% 170
\BOOKMARK [3][-]{subsubsection.5.4.1.38}{\376\377\0005\000.\0004\000.\0001\000.\0003\0008\000\040\000P\000S\000\137\000K\000M\000A\000X}{subsection.5.4.1}% 171
\BOOKMARK [3][-]{subsubsection.5.4.1.39}{\376\377\0005\000.\0004\000.\0001\000.\0003\0009\000\040\000P\000S\000\137\000K\000M\000I\000N}{subsection.5.4.1}% 172
\BOOKMARK [3][-]{subsubsection.5.4.1.40}{\376\377\0005\000.\0004\000.\0001\000.\0004\0000\000\040\000P\000S\000C}{subsection.5.4.1}% 173
\BOOKMARK [3][-]{subsubsection.5.4.1.41}{\376\377\0005\000.\0004\000.\0001\000.\0004\0001\000\040\000Q\000S\000F}{subsection.5.4.1}% 174
\BOOKMARK [3][-]{subsubsection.5.4.1.42}{\376\377\0005\000.\0004\000.\0001\000.\0004\0002\000\040\000Q\000U\000A\000D\000R\000A\000T\000I\000C}{subsection.5.4.1}% 175
\BOOKMARK [3][-]{subsubsection.5.4.1.43}{\376\377\0005\000.\0004\000.\0001\000.\0004\0003\000\040\000S\000T}{subsection.5.4.1}% 176
\BOOKMARK [3][-]{subsubsection.5.4.1.44}{\376\377\0005\000.\0004\000.\0001\000.\0004\0004\000\040\000T\000I\000D\000E}{subsection.5.4.1}% 177
\BOOKMARK [3][-]{subsubsection.5.4.1.45}{\376\377\0005\000.\0004\000.\0001\000.\0004\0005\000\040\000T\000R}{subsection.5.4.1}% 178
\BOOKMARK [3][-]{subsubsection.5.4.1.46}{\376\377\0005\000.\0004\000.\0001\000.\0004\0006\000\040\000T\000R\000A\000N\000S}{subsection.5.4.1}% 179
\BOOKMARK [3][-]{subsubsection.5.4.1.47}{\376\377\0005\000.\0004\000.\0001\000.\0004\0007\000\040\000T\000R\000E\000E}{subsection.5.4.1}% 180
\BOOKMARK [3][-]{subsubsection.5.4.1.48}{\376\377\0005\000.\0004\000.\0001\000.\0004\0008\000\040\000W\000I\000R}{subsection.5.4.1}% 181
\BOOKMARK [2][-]{subsection.5.4.2}{\376\377\0005\000.\0004\000.\0002\000\040\000F\000u\000n\000c\000t\000i\000o\000n\000\040\000D\000o\000c\000u\000m\000e\000n\000t\000a\000t\000i\000o\000n}{section.5.4}% 182
\BOOKMARK [3][-]{subsubsection.5.4.2.1}{\376\377\0005\000.\0004\000.\0002\000.\0001\000\040\000c\000l\000e\000a\000n\000u\000p\000\050\000\051}{subsection.5.4.2}% 183
\BOOKMARK [3][-]{subsubsection.5.4.2.2}{\376\377\0005\000.\0004\000.\0002\000.\0002\000\040\000i\000n\000i\000t\000i\000a\000l\000i\000z\000e\000\050\000\051}{subsection.5.4.2}% 184
\BOOKMARK [1][-]{section.5.5}{\376\377\0005\000.\0005\000\040\000h\000e\000a\000d\000e\000r\000.\000h}{chapter.5}% 185
\BOOKMARK [1][-]{section.5.6}{\376\377\0005\000.\0006\000\040\000c\000o\000s\000m\000o\000l\000o\000g\000y\000.\000c\000\040\000F\000i\000l\000e\000\040\000R\000e\000f\000e\000r\000e\000n\000c\000e}{chapter.5}% 186
\BOOKMARK [2][-]{subsection.5.6.1}{\376\377\0005\000.\0006\000.\0001\000\040\000D\000e\000t\000a\000i\000l\000e\000d\000\040\000D\000e\000s\000c\000r\000i\000p\000t\000i\000o\000n}{section.5.6}% 187
\BOOKMARK [2][-]{subsection.5.6.2}{\376\377\0005\000.\0006\000.\0002\000\040\000F\000u\000n\000c\000t\000i\000o\000n\000\040\000D\000o\000c\000u\000m\000e\000n\000t\000a\000t\000i\000o\000n}{section.5.6}% 188
\BOOKMARK [3][-]{subsubsection.5.6.2.1}{\376\377\0005\000.\0006\000.\0002\000.\0001\000\040\000a\000n\000g\000u\000l\000a\000r\000\137\000d\000i\000s\000t\000a\000n\000c\000e\000\050\000\051}{subsection.5.6.2}% 189
\BOOKMARK [3][-]{subsubsection.5.6.2.2}{\376\377\0005\000.\0006\000.\0002\000.\0002\000\040\000C\000L\000\137\000C\000o\000s\000m\000o\000l\000o\000g\000y\000\137\000f\000r\000e\000e\000\050\000\051}{subsection.5.6.2}% 190
\BOOKMARK [3][-]{subsubsection.5.6.2.3}{\376\377\0005\000.\0006\000.\0002\000.\0003\000\040\000C\000L\000\137\000C\000o\000s\000m\000o\000l\000o\000g\000y\000\137\000i\000n\000i\000t\000i\000l\000i\000z\000e\000\050\000\051}{subsection.5.6.2}% 191
\BOOKMARK [3][-]{subsubsection.5.6.2.4}{\376\377\0005\000.\0006\000.\0002\000.\0004\000\040\000c\000o\000m\000o\000v\000i\000n\000g\000\137\000r\000a\000d\000i\000a\000l\000\137\000d\000i\000s\000t\000a\000n\000c\000e\000\050\000\051}{subsection.5.6.2}% 192
\BOOKMARK [3][-]{subsubsection.5.6.2.5}{\376\377\0005\000.\0006\000.\0002\000.\0005\000\040\000c\000o\000n\000c\000e\000n\000t\000r\000a\000t\000i\000o\000n\000\137\000c\000d\000m\000\050\000\051}{subsection.5.6.2}% 193
\BOOKMARK [3][-]{subsubsection.5.6.2.6}{\376\377\0005\000.\0006\000.\0002\000.\0006\000\040\000C\000o\000s\000m\000o\000l\000o\000g\000y\000\137\000f\000r\000e\000e\000\050\000\051}{subsection.5.6.2}% 194
\BOOKMARK [3][-]{subsubsection.5.6.2.7}{\376\377\0005\000.\0006\000.\0002\000.\0007\000\040\000C\000o\000s\000m\000o\000l\000o\000g\000y\000\137\000i\000n\000i\000t\000\050\000\051}{subsection.5.6.2}% 195
\BOOKMARK [3][-]{subsubsection.5.6.2.8}{\376\377\0005\000.\0006\000.\0002\000.\0008\000\040\000d\000e\000r\000\137\000l\000n\000s\000i\000g\000\137\000s\000q\000\050\000\051}{subsection.5.6.2}% 196
\BOOKMARK [3][-]{subsubsection.5.6.2.9}{\376\377\0005\000.\0006\000.\0002\000.\0009\000\040\000d\000e\000r\000R\000\137\000l\000o\000g\000w\000i\000n\000d\000o\000w\000\137\000g\000\050\000\051}{subsection.5.6.2}% 197
\BOOKMARK [3][-]{subsubsection.5.6.2.10}{\376\377\0005\000.\0006\000.\0002\000.\0001\0000\000\040\000d\000e\000r\000R\000\137\000w\000i\000n\000d\000o\000w\000\137\000r\000t\000h\000\050\000\051}{subsection.5.6.2}% 198
\BOOKMARK [3][-]{subsubsection.5.6.2.11}{\376\377\0005\000.\0006\000.\0002\000.\0001\0001\000\040\000g\000r\000o\000w\000t\000h\000\137\000D\000\050\000\051}{subsection.5.6.2}% 199
\BOOKMARK [3][-]{subsubsection.5.6.2.12}{\376\377\0005\000.\0006\000.\0002\000.\0001\0002\000\040\000g\000r\000o\000w\000t\000h\000\137\000f\000\050\000\051}{subsection.5.6.2}% 200
\BOOKMARK [3][-]{subsubsection.5.6.2.13}{\376\377\0005\000.\0006\000.\0002\000.\0001\0003\000\040\000H\000u\000b\000b\000l\000e\000\050\000\051}{subsection.5.6.2}% 201
\BOOKMARK [3][-]{subsubsection.5.6.2.14}{\376\377\0005\000.\0006\000.\0002\000.\0001\0004\000\040\000M\000k\000\137\000d\000l\000n\000M\000k\000\050\000\051}{subsection.5.6.2}% 202
\BOOKMARK [3][-]{subsubsection.5.6.2.15}{\376\377\0005\000.\0006\000.\0002\000.\0001\0005\000\040\000n\000f\000w\000\137\000p\000r\000o\000f\000i\000l\000e\000\050\000\051}{subsection.5.6.2}% 203
\BOOKMARK [3][-]{subsubsection.5.6.2.16}{\376\377\0005\000.\0006\000.\0002\000.\0001\0006\000\040\000P\000k\000\137\000d\000l\000n\000P\000k\000\050\000\051}{subsection.5.6.2}% 204
\BOOKMARK [3][-]{subsubsection.5.6.2.17}{\376\377\0005\000.\0006\000.\0002\000.\0001\0007\000\040\000P\000k\000\137\000d\000l\000n\000P\000k\000\137\000H\000V\000\050\000\051}{subsection.5.6.2}% 205
\BOOKMARK [3][-]{subsubsection.5.6.2.18}{\376\377\0005\000.\0006\000.\0002\000.\0001\0008\000\040\000R\000\137\000s\000c\000a\000l\000e\000\050\000\051}{subsection.5.6.2}% 206
\BOOKMARK [3][-]{subsubsection.5.6.2.19}{\376\377\0005\000.\0006\000.\0002\000.\0001\0009\000\040\000R\000\137\000v\000i\000r\000\050\000\051}{subsection.5.6.2}% 207
\BOOKMARK [3][-]{subsubsection.5.6.2.20}{\376\377\0005\000.\0006\000.\0002\000.\0002\0000\000\040\000r\000h\000o\000c\000\050\000\051}{subsection.5.6.2}% 208
\BOOKMARK [3][-]{subsubsection.5.6.2.21}{\376\377\0005\000.\0006\000.\0002\000.\0002\0001\000\040\000s\000i\000g\000\137\000s\000q\000\050\000\051}{subsection.5.6.2}% 209
\BOOKMARK [3][-]{subsubsection.5.6.2.22}{\376\377\0005\000.\0006\000.\0002\000.\0002\0002\000\040\000s\000i\000g\000\137\000s\000q\000\137\000i\000n\000t\000e\000g\000r\000a\000n\000d\000\050\000\051}{subsection.5.6.2}% 210
\BOOKMARK [3][-]{subsubsection.5.6.2.23}{\376\377\0005\000.\0006\000.\0002\000.\0002\0003\000\040\000s\000i\000g\000m\000a\0000\000\137\000s\000q\000\050\000\051}{subsection.5.6.2}% 211
\BOOKMARK [3][-]{subsubsection.5.6.2.24}{\376\377\0005\000.\0006\000.\0002\000.\0002\0004\000\040\000s\000i\000g\000m\000a\0000\000\137\000s\000q\000\137\000i\000n\000t\000e\000g\000r\000a\000n\000d\000\050\000\051}{subsection.5.6.2}% 212
\BOOKMARK [3][-]{subsubsection.5.6.2.25}{\376\377\0005\000.\0006\000.\0002\000.\0002\0005\000\040\000w\000i\000n\000d\000o\000w\000\137\000g\000\050\000\051}{subsection.5.6.2}% 213
\BOOKMARK [3][-]{subsubsection.5.6.2.26}{\376\377\0005\000.\0006\000.\0002\000.\0002\0006\000\040\000w\000i\000n\000d\000o\000w\000\137\000k\000t\000h\000\050\000\051}{subsection.5.6.2}% 214
\BOOKMARK [3][-]{subsubsection.5.6.2.27}{\376\377\0005\000.\0006\000.\0002\000.\0002\0007\000\040\000w\000i\000n\000d\000o\000w\000\137\000r\000t\000h\000\050\000\051}{subsection.5.6.2}% 215
\BOOKMARK [2][-]{subsection.5.6.3}{\376\377\0005\000.\0006\000.\0003\000\040\000V\000a\000r\000i\000a\000b\000l\000e\000\040\000D\000o\000c\000u\000m\000e\000n\000t\000a\000t\000i\000o\000n}{section.5.6}% 216
\BOOKMARK [3][-]{subsubsection.5.6.3.1}{\376\377\0005\000.\0006\000.\0003\000.\0001\000\040\000g\000b}{subsection.5.6.3}% 217
\BOOKMARK [1][-]{section.5.7}{\376\377\0005\000.\0007\000\040\000I\000R\000\137\000r\000e\000s\000.\000c\000\040\000F\000i\000l\000e\000\040\000R\000e\000f\000e\000r\000e\000n\000c\000e}{chapter.5}% 218
\BOOKMARK [2][-]{subsection.5.7.1}{\376\377\0005\000.\0007\000.\0001\000\040\000D\000e\000t\000a\000i\000l\000e\000d\000\040\000D\000e\000s\000c\000r\000i\000p\000t\000i\000o\000n}{section.5.7}% 219
\BOOKMARK [2][-]{subsection.5.7.2}{\376\377\0005\000.\0007\000.\0002\000\040\000F\000u\000n\000c\000t\000i\000o\000n\000\040\000D\000o\000c\000u\000m\000e\000n\000t\000a\000t\000i\000o\000n}{section.5.7}% 220
\BOOKMARK [3][-]{subsubsection.5.7.2.1}{\376\377\0005\000.\0007\000.\0002\000.\0001\000\040\000I\000R\000\137\000S\000i\000g\000m\000a\0002\000\050\000\051}{subsection.5.7.2}% 221
\BOOKMARK [3][-]{subsubsection.5.7.2.2}{\376\377\0005\000.\0007\000.\0002\000.\0002\000\040\000I\000R\000\137\000S\000i\000g\000m\000a\0002\000\137\000i\000n\000t\000e\000g\000r\000a\000n\000d\000\050\000\051}{subsection.5.7.2}% 222
\BOOKMARK [3][-]{subsubsection.5.7.2.3}{\376\377\0005\000.\0007\000.\0002\000.\0003\000\040\000p\000m\000\137\000I\000R\000\137\000L\000O\000\050\000\051}{subsection.5.7.2}% 223
\BOOKMARK [3][-]{subsubsection.5.7.2.4}{\376\377\0005\000.\0007\000.\0002\000.\0004\000\040\000p\000m\000\137\000I\000R\000\137\000N\000L\000O\000\050\000\051}{subsection.5.7.2}% 224
\BOOKMARK [3][-]{subsubsection.5.7.2.5}{\376\377\0005\000.\0007\000.\0002\000.\0005\000\040\000p\000m\000\137\000n\000o\000w\000i\000g\000g\000l\000e\000\050\000\051}{subsection.5.7.2}% 225
\BOOKMARK [3][-]{subsubsection.5.7.2.6}{\376\377\0005\000.\0007\000.\0002\000.\0006\000\040\000p\000m\000\137\000n\000o\000w\000i\000g\000g\000l\000e\000\137\000b\000s\000p\000l\000i\000n\000e\000\050\000\051}{subsection.5.7.2}% 226
\BOOKMARK [3][-]{subsubsection.5.7.2.7}{\376\377\0005\000.\0007\000.\0002\000.\0007\000\040\000p\000m\000\137\000n\000o\000w\000i\000g\000g\000l\000e\000\137\000d\000s\000t\000\050\000\051}{subsection.5.7.2}% 227
\BOOKMARK [3][-]{subsubsection.5.7.2.8}{\376\377\0005\000.\0007\000.\0002\000.\0008\000\040\000p\000m\000\137\000n\000o\000w\000i\000g\000g\000l\000e\000\137\000g\000f\000i\000l\000t\000e\000r\000\050\000\051}{subsection.5.7.2}% 228
\BOOKMARK [1][-]{section.5.8}{\376\377\0005\000.\0008\000\040\000l\000i\000n\000e\000\137\000i\000n\000g\000r\000e\000d\000i\000e\000n\000t\000s\000.\000c\000\040\000F\000i\000l\000e\000\040\000R\000e\000f\000e\000r\000e\000n\000c\000e}{chapter.5}% 229
\BOOKMARK [2][-]{subsection.5.8.1}{\376\377\0005\000.\0008\000.\0001\000\040\000D\000e\000t\000a\000i\000l\000e\000d\000\040\000D\000e\000s\000c\000r\000i\000p\000t\000i\000o\000n}{section.5.8}% 230
\BOOKMARK [2][-]{subsection.5.8.2}{\376\377\0005\000.\0008\000.\0002\000\040\000F\000u\000n\000c\000t\000i\000o\000n\000\040\000D\000o\000c\000u\000m\000e\000n\000t\000a\000t\000i\000o\000n}{section.5.8}% 231
\BOOKMARK [3][-]{subsubsection.5.8.2.1}{\376\377\0005\000.\0008\000.\0002\000.\0001\000\040\000b\000i\000a\000s\000\137\000l\000u\000m\000\137\000w\000e\000i\000g\000h\000t\000e\000d\000\050\000\051}{subsection.5.8.2}% 232
\BOOKMARK [3][-]{subsubsection.5.8.2.2}{\376\377\0005\000.\0008\000.\0002\000.\0002\000\040\000b\000i\000a\000s\000\137\000l\000u\000m\000\137\000w\000e\000i\000g\000h\000t\000e\000d\000\137\000i\000n\000t\000e\000g\000\050\000\051}{subsection.5.8.2}% 233
\BOOKMARK [3][-]{subsubsection.5.8.2.3}{\376\377\0005\000.\0008\000.\0002\000.\0003\000\040\000h\000a\000l\000o\000\137\000b\000i\000a\000s\000\050\000\051}{subsection.5.8.2}% 234
\BOOKMARK [3][-]{subsubsection.5.8.2.4}{\376\377\0005\000.\0008\000.\0002\000.\0004\000\040\000L\000i\000n\000e\000\137\000a\000l\000l\000o\000c\000\137\000i\000n\000i\000t\000\050\000\051}{subsection.5.8.2}% 235
\BOOKMARK [3][-]{subsubsection.5.8.2.5}{\376\377\0005\000.\0008\000.\0002\000.\0005\000\040\000l\000i\000n\000e\000\137\000b\000i\000a\000s\000\050\000\051}{subsection.5.8.2}% 236
\BOOKMARK [3][-]{subsubsection.5.8.2.6}{\376\377\0005\000.\0008\000.\0002\000.\0006\000\040\000L\000i\000n\000e\000\137\000e\000v\000a\000l\000u\000a\000t\000e\000\050\000\051}{subsection.5.8.2}% 237
\BOOKMARK [3][-]{subsubsection.5.8.2.7}{\376\377\0005\000.\0008\000.\0002\000.\0007\000\040\000L\000i\000n\000e\000\137\000f\000r\000e\000e\000\050\000\051}{subsection.5.8.2}% 238
\BOOKMARK [3][-]{subsubsection.5.8.2.8}{\376\377\0005\000.\0008\000.\0002\000.\0008\000\040\000l\000o\000g\000S\000F\000R\000\137\000a\000l\000l\000o\000c\000\137\000i\000n\000i\000t\000\050\000\051}{subsection.5.8.2}% 239
\BOOKMARK [3][-]{subsubsection.5.8.2.9}{\376\377\0005\000.\0008\000.\0002\000.\0009\000\040\000l\000o\000g\000S\000F\000R\000\137\000B\000e\000h\000r\000o\000o\000z\000i\000\050\000\051}{subsection.5.8.2}% 240
\BOOKMARK [3][-]{subsubsection.5.8.2.10}{\376\377\0005\000.\0008\000.\0002\000.\0001\0000\000\040\000l\000o\000g\000S\000F\000R\000\137\000B\000e\000h\000r\000o\000o\000z\000i\000\137\000r\000e\000a\000d\000\050\000\051}{subsection.5.8.2}% 241
\BOOKMARK [3][-]{subsubsection.5.8.2.11}{\376\377\0005\000.\0008\000.\0002\000.\0001\0001\000\040\000l\000u\000m\000i\000n\000o\000s\000i\000t\000y\000\050\000\051}{subsection.5.8.2}% 242
\BOOKMARK [3][-]{subsubsection.5.8.2.12}{\376\377\0005\000.\0008\000.\0002\000.\0001\0002\000\040\000m\000a\000s\000s\000\137\000f\000u\000n\000c\000\050\000\051}{subsection.5.8.2}% 243
\BOOKMARK [3][-]{subsubsection.5.8.2.13}{\376\377\0005\000.\0008\000.\0002\000.\0001\0003\000\040\000m\000a\000s\000s\000\137\000f\000u\000n\000c\000\137\000s\000i\000m\000s\000\050\000\051}{subsection.5.8.2}% 244
\BOOKMARK [3][-]{subsubsection.5.8.2.14}{\376\377\0005\000.\0008\000.\0002\000.\0001\0004\000\040\000m\000a\000s\000s\000\137\000m\000o\000m\000e\000n\000t\0001\000\050\000\051}{subsection.5.8.2}% 245
\BOOKMARK [3][-]{subsubsection.5.8.2.15}{\376\377\0005\000.\0008\000.\0002\000.\0001\0005\000\040\000m\000a\000s\000s\000\137\000m\000o\000m\000e\000n\000t\0001\000\137\000i\000n\000t\000e\000g\000\050\000\051}{subsection.5.8.2}% 246
\BOOKMARK [3][-]{subsubsection.5.8.2.16}{\376\377\0005\000.\0008\000.\0002\000.\0001\0006\000\040\000m\000a\000s\000s\000\137\000m\000o\000m\000e\000n\000t\0002\000\050\000\051}{subsection.5.8.2}% 247
\BOOKMARK [3][-]{subsubsection.5.8.2.17}{\376\377\0005\000.\0008\000.\0002\000.\0001\0007\000\040\000m\000a\000s\000s\000\137\000m\000o\000m\000e\000n\000t\0002\000\137\000i\000n\000t\000e\000g\000\050\000\051}{subsection.5.8.2}% 248
\BOOKMARK [3][-]{subsubsection.5.8.2.18}{\376\377\0005\000.\0008\000.\0002\000.\0001\0008\000\040\000m\000e\000a\000n\000\137\000i\000n\000t\000e\000n\000s\000\050\000\051}{subsection.5.8.2}% 249
\BOOKMARK [3][-]{subsubsection.5.8.2.19}{\376\377\0005\000.\0008\000.\0002\000.\0001\0009\000\040\000m\000u\000l\000t\000\137\000f\000u\000n\000c\000\050\000\051}{subsection.5.8.2}% 250
\BOOKMARK [3][-]{subsubsection.5.8.2.20}{\376\377\0005\000.\0008\000.\0002\000.\0002\0000\000\040\000p\000\137\000s\000i\000g\000\137\000s\000h\000o\000t\000\050\000\051}{subsection.5.8.2}% 251
\BOOKMARK [3][-]{subsubsection.5.8.2.21}{\376\377\0005\000.\0008\000.\0002\000.\0002\0001\000\040\000p\000\137\000s\000i\000g\000\137\000s\000h\000o\000t\000\137\000i\000n\000t\000e\000g\000r\000a\000n\000d\000\050\000\051}{subsection.5.8.2}% 252
\BOOKMARK [3][-]{subsubsection.5.8.2.22}{\376\377\0005\000.\0008\000.\0002\000.\0002\0002\000\040\000p\000\137\000s\000i\000g\000\137\000T\000b\000a\000r\000\050\000\051}{subsection.5.8.2}% 253
\BOOKMARK [3][-]{subsubsection.5.8.2.23}{\376\377\0005\000.\0008\000.\0002\000.\0002\0003\000\040\000p\000\137\000s\000i\000g\000\137\000T\000b\000a\000r\000\137\000i\000n\000t\000e\000g\000r\000a\000n\000d\000\050\000\051}{subsection.5.8.2}% 254
\BOOKMARK [3][-]{subsubsection.5.8.2.24}{\376\377\0005\000.\0008\000.\0002\000.\0002\0004\000\040\000S\000F\000R\000\137\000B\000e\000h\000r\000o\000o\000z\000i\000\137\000f\000r\000e\000e\000\050\000\051}{subsection.5.8.2}% 255
\BOOKMARK [3][-]{subsubsection.5.8.2.25}{\376\377\0005\000.\0008\000.\0002\000.\0002\0005\000\040\000T\000b\000a\000r\000\137\000l\000i\000n\000e\000\050\000\051}{subsection.5.8.2}% 256
\BOOKMARK [2][-]{subsection.5.8.3}{\376\377\0005\000.\0008\000.\0003\000\040\000V\000a\000r\000i\000a\000b\000l\000e\000\040\000D\000o\000c\000u\000m\000e\000n\000t\000a\000t\000i\000o\000n}{section.5.8}% 257
\BOOKMARK [3][-]{subsubsection.5.8.3.1}{\376\377\0005\000.\0008\000.\0003\000.\0001\000\040\000g\000b}{subsection.5.8.3}% 258
\BOOKMARK [1][-]{section.5.9}{\376\377\0005\000.\0009\000\040\000m\000a\000i\000n\000.\000c\000\040\000F\000i\000l\000e\000\040\000R\000e\000f\000e\000r\000e\000n\000c\000e}{chapter.5}% 259
\BOOKMARK [2][-]{subsection.5.9.1}{\376\377\0005\000.\0009\000.\0001\000\040\000D\000e\000t\000a\000i\000l\000e\000d\000\040\000D\000e\000s\000c\000r\000i\000p\000t\000i\000o\000n}{section.5.9}% 260
\BOOKMARK [2][-]{subsection.5.9.2}{\376\377\0005\000.\0009\000.\0002\000\040\000F\000u\000n\000c\000t\000i\000o\000n\000\040\000D\000o\000c\000u\000m\000e\000n\000t\000a\000t\000i\000o\000n}{section.5.9}% 261
\BOOKMARK [3][-]{subsubsection.5.9.2.1}{\376\377\0005\000.\0009\000.\0002\000.\0001\000\040\000c\000l\000e\000a\000n\000u\000p\000\050\000\051}{subsection.5.9.2}% 262
\BOOKMARK [3][-]{subsubsection.5.9.2.2}{\376\377\0005\000.\0009\000.\0002\000.\0002\000\040\000i\000n\000i\000t\000i\000a\000l\000i\000z\000e\000\050\000\051}{subsection.5.9.2}% 263
\BOOKMARK [3][-]{subsubsection.5.9.2.3}{\376\377\0005\000.\0009\000.\0002\000.\0003\000\040\000m\000a\000i\000n\000\050\000\051}{subsection.5.9.2}% 264
\BOOKMARK [2][-]{subsection.5.9.3}{\376\377\0005\000.\0009\000.\0003\000\040\000V\000a\000r\000i\000a\000b\000l\000e\000\040\000D\000o\000c\000u\000m\000e\000n\000t\000a\000t\000i\000o\000n}{section.5.9}% 265
\BOOKMARK [3][-]{subsubsection.5.9.3.1}{\376\377\0005\000.\0009\000.\0003\000.\0001\000\040\000g\000b}{subsection.5.9.3}% 266
\BOOKMARK [1][-]{section.5.10}{\376\377\0005\000.\0001\0000\000\040\000p\000s\000\137\000h\000a\000l\000o\000\137\0001\000l\000o\000o\000p\000.\000c\000\040\000F\000i\000l\000e\000\040\000R\000e\000f\000e\000r\000e\000n\000c\000e}{chapter.5}% 267
\BOOKMARK [2][-]{subsection.5.10.1}{\376\377\0005\000.\0001\0000\000.\0001\000\040\000D\000e\000t\000a\000i\000l\000e\000d\000\040\000D\000e\000s\000c\000r\000i\000p\000t\000i\000o\000n}{section.5.10}% 268
\BOOKMARK [2][-]{subsection.5.10.2}{\376\377\0005\000.\0001\0000\000.\0002\000\040\000F\000u\000n\000c\000t\000i\000o\000n\000\040\000D\000o\000c\000u\000m\000e\000n\000t\000a\000t\000i\000o\000n}{section.5.10}% 269
\BOOKMARK [3][-]{subsubsection.5.10.2.1}{\376\377\0005\000.\0001\0000\000.\0002\000.\0001\000\040\000C\000o\000m\000p\000u\000t\000e\000\137\000G\000\137\000l\000o\000o\000p\000s\000\050\000\051}{subsection.5.10.2}% 270
\BOOKMARK [3][-]{subsubsection.5.10.2.2}{\376\377\0005\000.\0001\0000\000.\0002\000.\0002\000\040\000C\000o\000m\000p\000u\000t\000e\000\137\000P\000N\000G\000\137\000l\000o\000o\000p\000s\000\050\000\051}{subsection.5.10.2}% 271
\BOOKMARK [3][-]{subsubsection.5.10.2.3}{\376\377\0005\000.\0001\0000\000.\0002\000.\0003\000\040\000F\0002\000\050\000\051}{subsection.5.10.2}% 272
\BOOKMARK [3][-]{subsubsection.5.10.2.4}{\376\377\0005\000.\0001\0000\000.\0002\000.\0004\000\040\000F\0002\000\137\000s\000\050\000\051}{subsection.5.10.2}% 273
\BOOKMARK [3][-]{subsubsection.5.10.2.5}{\376\377\0005\000.\0001\0000\000.\0002\000.\0005\000\040\000F\0003\000\137\000s\000\050\000\051}{subsection.5.10.2}% 274
\BOOKMARK [3][-]{subsubsection.5.10.2.6}{\376\377\0005\000.\0001\0000\000.\0002\000.\0006\000\040\000G\000\137\000l\000o\000o\000p\000\137\000i\000n\000t\000e\000g\000r\000a\000n\000d\000s\000\050\000\051}{subsection.5.10.2}% 275
\BOOKMARK [3][-]{subsubsection.5.10.2.7}{\376\377\0005\000.\0001\0000\000.\0002\000.\0007\000\040\000P\000N\000G\000\137\000l\000o\000o\000p\000\137\000i\000n\000t\000e\000g\000r\000a\000n\000d\000s\000\050\000\051}{subsection.5.10.2}% 276
\BOOKMARK [3][-]{subsubsection.5.10.2.8}{\376\377\0005\000.\0001\0000\000.\0002\000.\0008\000\040\000P\000S\000\137\000h\000h\000\137\000G\000\050\000\051}{subsection.5.10.2}% 277
\BOOKMARK [3][-]{subsubsection.5.10.2.9}{\376\377\0005\000.\0001\0000\000.\0002\000.\0009\000\040\000P\000S\000\137\000h\000h\000\137\000P\000N\000G\000\050\000\051}{subsection.5.10.2}% 278
\BOOKMARK [3][-]{subsubsection.5.10.2.10}{\376\377\0005\000.\0001\0000\000.\0002\000.\0001\0000\000\040\000S\0002\000\050\000\051}{subsection.5.10.2}% 279
\BOOKMARK [3][-]{subsubsection.5.10.2.11}{\376\377\0005\000.\0001\0000\000.\0002\000.\0001\0001\000\040\000S\0002\000\137\000s\000\050\000\051}{subsection.5.10.2}% 280
\BOOKMARK [2][-]{subsection.5.10.3}{\376\377\0005\000.\0001\0000\000.\0003\000\040\000V\000a\000r\000i\000a\000b\000l\000e\000\040\000D\000o\000c\000u\000m\000e\000n\000t\000a\000t\000i\000o\000n}{section.5.10}% 281
\BOOKMARK [3][-]{subsubsection.5.10.3.1}{\376\377\0005\000.\0001\0000\000.\0003\000.\0001\000\040\000g\000b}{subsection.5.10.3}% 282
\BOOKMARK [1][-]{section.5.11}{\376\377\0005\000.\0001\0001\000\040\000p\000s\000\137\000l\000i\000n\000e\000\137\000h\000m\000.\000c\000\040\000F\000i\000l\000e\000\040\000R\000e\000f\000e\000r\000e\000n\000c\000e}{chapter.5}% 283
\BOOKMARK [2][-]{subsection.5.11.1}{\376\377\0005\000.\0001\0001\000.\0001\000\040\000D\000e\000t\000a\000i\000l\000e\000d\000\040\000D\000e\000s\000c\000r\000i\000p\000t\000i\000o\000n}{section.5.11}% 284
\BOOKMARK [2][-]{subsection.5.11.2}{\376\377\0005\000.\0001\0001\000.\0002\000\040\000F\000u\000n\000c\000t\000i\000o\000n\000\040\000D\000o\000c\000u\000m\000e\000n\000t\000a\000t\000i\000o\000n}{section.5.11}% 285
\BOOKMARK [3][-]{subsubsection.5.11.2.1}{\376\377\0005\000.\0001\0001\000.\0002\000.\0001\000\040\000b\0002\0002\000\137\000l\000s\000\050\000\051}{subsection.5.11.2}% 286
\BOOKMARK [3][-]{subsubsection.5.11.2.2}{\376\377\0005\000.\0001\0001\000.\0002\000.\0002\000\040\000b\0002\0002\000\137\000l\000s\000\137\000i\000n\000t\000e\000g\000r\000a\000n\000d\000\050\000\051}{subsection.5.11.2}% 287
\BOOKMARK [3][-]{subsubsection.5.11.2.3}{\376\377\0005\000.\0001\0001\000.\0002\000.\0003\000\040\000H\000M\000\137\0001\000h\0002\000h\000\050\000\051}{subsection.5.11.2}% 288
\BOOKMARK [3][-]{subsubsection.5.11.2.4}{\376\377\0005\000.\0001\0001\000.\0002\000.\0004\000\040\000H\000M\000\137\0001\000h\0002\000h\000\137\000i\000n\000t\000e\000g\000\050\000\051}{subsection.5.11.2}% 289
\BOOKMARK [3][-]{subsubsection.5.11.2.5}{\376\377\0005\000.\0001\0001\000.\0002\000.\0005\000\040\000m\000h\000m\000c\000\050\000\051}{subsection.5.11.2}% 290
\BOOKMARK [3][-]{subsubsection.5.11.2.6}{\376\377\0005\000.\0001\0001\000.\0002\000.\0006\000\040\000m\000h\000m\000c\000\137\000i\000n\000t\000e\000g\000\050\000\051}{subsection.5.11.2}% 291
\BOOKMARK [3][-]{subsubsection.5.11.2.7}{\376\377\0005\000.\0001\0001\000.\0002\000.\0007\000\040\000P\000S\000\137\000l\000i\000n\000e\000\137\000H\000M\000\050\000\051}{subsection.5.11.2}% 292
\BOOKMARK [3][-]{subsubsection.5.11.2.8}{\376\377\0005\000.\0001\0001\000.\0002\000.\0008\000\040\000P\000S\000\137\000s\000h\000o\000t\000\137\000H\000M\000\050\000\051}{subsection.5.11.2}% 293
\BOOKMARK [2][-]{subsection.5.11.3}{\376\377\0005\000.\0001\0001\000.\0003\000\040\000V\000a\000r\000i\000a\000b\000l\000e\000\040\000D\000o\000c\000u\000m\000e\000n\000t\000a\000t\000i\000o\000n}{section.5.11}% 294
\BOOKMARK [3][-]{subsubsection.5.11.3.1}{\376\377\0005\000.\0001\0001\000.\0003\000.\0001\000\040\000g\000b}{subsection.5.11.3}% 295
\BOOKMARK [1][-]{section.5.12}{\376\377\0005\000.\0001\0002\000\040\000p\000s\000\137\000l\000i\000n\000e\000\137\000p\000t\000.\000c\000\040\000F\000i\000l\000e\000\040\000R\000e\000f\000e\000r\000e\000n\000c\000e}{chapter.5}% 296
\BOOKMARK [2][-]{subsection.5.12.1}{\376\377\0005\000.\0001\0002\000.\0001\000\040\000D\000e\000t\000a\000i\000l\000e\000d\000\040\000D\000e\000s\000c\000r\000i\000p\000t\000i\000o\000n}{section.5.12}% 297
\BOOKMARK [2][-]{subsection.5.12.2}{\376\377\0005\000.\0001\0002\000.\0002\000\040\000F\000u\000n\000c\000t\000i\000o\000n\000\040\000D\000o\000c\000u\000m\000e\000n\000t\000a\000t\000i\000o\000n}{section.5.12}% 298
\BOOKMARK [3][-]{subsubsection.5.12.2.1}{\376\377\0005\000.\0001\0002\000.\0002\000.\0001\000\040\000P\000S\000\137\000l\000i\000n\000e\000\050\000\051}{subsection.5.12.2}% 299
\BOOKMARK [3][-]{subsubsection.5.12.2.2}{\376\377\0005\000.\0001\0002\000.\0002\000.\0002\000\040\000p\000s\000\137\000l\000i\000n\000e\000\137\000m\000u\000l\000t\000i\000p\000o\000l\000e\000s\000\050\000\051}{subsection.5.12.2}% 300
\BOOKMARK [3][-]{subsubsection.5.12.2.3}{\376\377\0005\000.\0001\0002\000.\0002\000.\0003\000\040\000p\000s\000\137\000l\000i\000n\000e\000\137\000m\000u\000l\000t\000i\000p\000o\000l\000e\000s\000\137\000i\000n\000t\000e\000g\000r\000a\000n\000d\000\050\000\051}{subsection.5.12.2}% 301
\BOOKMARK [3][-]{subsubsection.5.12.2.4}{\376\377\0005\000.\0001\0002\000.\0002\000.\0004\000\040\000P\000S\000\137\000l\000i\000n\000e\000\137\000R\000S\000D\000\050\000\051}{subsection.5.12.2}% 302
\BOOKMARK [3][-]{subsubsection.5.12.2.5}{\376\377\0005\000.\0001\0002\000.\0002\000.\0005\000\040\000P\000S\000\137\000s\000h\000o\000t\000\050\000\051}{subsection.5.12.2}% 303
\BOOKMARK [2][-]{subsection.5.12.3}{\376\377\0005\000.\0001\0002\000.\0003\000\040\000V\000a\000r\000i\000a\000b\000l\000e\000\040\000D\000o\000c\000u\000m\000e\000n\000t\000a\000t\000i\000o\000n}{section.5.12}% 304
\BOOKMARK [3][-]{subsubsection.5.12.3.1}{\376\377\0005\000.\0001\0002\000.\0003\000.\0001\000\040\000g\000b}{subsection.5.12.3}% 305
\BOOKMARK [1][-]{section.5.13}{\376\377\0005\000.\0001\0003\000\040\000s\000u\000r\000v\000e\000y\000\137\000s\000p\000e\000c\000s\000.\000c\000\040\000F\000i\000l\000e\000\040\000R\000e\000f\000e\000r\000e\000n\000c\000e}{chapter.5}% 306
\BOOKMARK [2][-]{subsection.5.13.1}{\376\377\0005\000.\0001\0003\000.\0001\000\040\000D\000e\000t\000a\000i\000l\000e\000d\000\040\000D\000e\000s\000c\000r\000i\000p\000t\000i\000o\000n}{section.5.13}% 307
\BOOKMARK [2][-]{subsection.5.13.2}{\376\377\0005\000.\0001\0003\000.\0002\000\040\000F\000u\000n\000c\000t\000i\000o\000n\000\040\000D\000o\000c\000u\000m\000e\000n\000t\000a\000t\000i\000o\000n}{section.5.13}% 308
\BOOKMARK [3][-]{subsubsection.5.13.2.1}{\376\377\0005\000.\0001\0003\000.\0002\000.\0001\000\040\000k\000m\000a\000x\000\137\000B\000r\000e\000n\000t\000\050\000\051}{subsection.5.13.2}% 309
\BOOKMARK [3][-]{subsubsection.5.13.2.2}{\376\377\0005\000.\0001\0003\000.\0002\000.\0002\000\040\000k\000m\000a\000x\000\137\000B\000r\000e\000n\000t\000\137\000s\000o\000l\000v\000e\000r\000\050\000\051}{subsection.5.13.2}% 310
\BOOKMARK [3][-]{subsubsection.5.13.2.3}{\376\377\0005\000.\0001\0003\000.\0002\000.\0003\000\040\000k\000m\000i\000n\000\137\000v\000a\000l\000\050\000\051}{subsection.5.13.2}% 311
\BOOKMARK [3][-]{subsubsection.5.13.2.4}{\376\377\0005\000.\0001\0003\000.\0002\000.\0004\000\040\000s\000h\000e\000l\000l\000\137\000v\000o\000l\000u\000m\000e\000\050\000\051}{subsection.5.13.2}% 312
\BOOKMARK [2][-]{subsection.5.13.3}{\376\377\0005\000.\0001\0003\000.\0003\000\040\000V\000a\000r\000i\000a\000b\000l\000e\000\040\000D\000o\000c\000u\000m\000e\000n\000t\000a\000t\000i\000o\000n}{section.5.13}% 313
\BOOKMARK [3][-]{subsubsection.5.13.3.1}{\376\377\0005\000.\0001\0003\000.\0003\000.\0001\000\040\000g\000b}{subsection.5.13.3}% 314
\BOOKMARK [1][-]{section.5.14}{\376\377\0005\000.\0001\0004\000\040\000u\000t\000i\000l\000i\000t\000i\000e\000s\000.\000c\000\040\000F\000i\000l\000e\000\040\000R\000e\000f\000e\000r\000e\000n\000c\000e}{chapter.5}% 315
\BOOKMARK [2][-]{subsection.5.14.1}{\376\377\0005\000.\0001\0004\000.\0001\000\040\000D\000e\000t\000a\000i\000l\000e\000d\000\040\000D\000e\000s\000c\000r\000i\000p\000t\000i\000o\000n}{section.5.14}% 316
\BOOKMARK [2][-]{subsection.5.14.2}{\376\377\0005\000.\0001\0004\000.\0002\000\040\000F\000u\000n\000c\000t\000i\000o\000n\000\040\000D\000o\000c\000u\000m\000e\000n\000t\000a\000t\000i\000o\000n}{section.5.14}% 317
\BOOKMARK [3][-]{subsubsection.5.14.2.1}{\376\377\0005\000.\0001\0004\000.\0002\000.\0001\000\040\000c\000o\000u\000n\000t\000\137\000c\000o\000l\000s\000\137\000i\000n\000\137\000f\000i\000l\000e\000\050\000\051}{subsection.5.14.2}% 318
\BOOKMARK [3][-]{subsubsection.5.14.2.2}{\376\377\0005\000.\0001\0004\000.\0002\000.\0002\000\040\000c\000o\000u\000n\000t\000\137\000l\000i\000n\000e\000s\000\137\000i\000n\000\137\000f\000i\000l\000e\000\050\000\051}{subsection.5.14.2}% 319
\BOOKMARK [3][-]{subsubsection.5.14.2.3}{\376\377\0005\000.\0001\0004\000.\0002\000.\0003\000\040\000f\000r\000e\000e\000\137\0002\000D\000a\000r\000r\000a\000y\000\050\000\051}{subsection.5.14.2}% 320
\BOOKMARK [3][-]{subsubsection.5.14.2.4}{\376\377\0005\000.\0001\0004\000.\0002\000.\0004\000\040\000i\000n\000i\000t\000\137\0001\000D\000a\000r\000r\000a\000y\000\050\000\051}{subsection.5.14.2}% 321
\BOOKMARK [3][-]{subsubsection.5.14.2.5}{\376\377\0005\000.\0001\0004\000.\0002\000.\0005\000\040\000l\000o\000g\0001\0000\000i\000n\000i\000t\000\137\0001\000D\000a\000r\000r\000a\000y\000\050\000\051}{subsection.5.14.2}% 322
\BOOKMARK [3][-]{subsubsection.5.14.2.6}{\376\377\0005\000.\0001\0004\000.\0002\000.\0006\000\040\000l\000o\000g\000i\000n\000i\000t\000\137\0001\000D\000a\000r\000r\000a\000y\000\050\000\051}{subsection.5.14.2}% 323
\BOOKMARK [3][-]{subsubsection.5.14.2.7}{\376\377\0005\000.\0001\0004\000.\0002\000.\0007\000\040\000m\000a\000k\000e\000\137\0001\000D\000\137\000i\000n\000t\000\137\000a\000r\000r\000a\000y\000\050\000\051}{subsection.5.14.2}% 324
\BOOKMARK [3][-]{subsubsection.5.14.2.8}{\376\377\0005\000.\0001\0004\000.\0002\000.\0008\000\040\000m\000a\000k\000e\000\137\0001\000D\000a\000r\000r\000a\000y\000\050\000\051}{subsection.5.14.2}% 325
\BOOKMARK [3][-]{subsubsection.5.14.2.9}{\376\377\0005\000.\0001\0004\000.\0002\000.\0009\000\040\000m\000a\000k\000e\000\137\0002\000D\000a\000r\000r\000a\000y\000\050\000\051}{subsection.5.14.2}% 326
\BOOKMARK [1][-]{section.5.15}{\376\377\0005\000.\0001\0005\000\040\000w\000n\000w\000\137\000s\000p\000l\000i\000t\000.\000c\000\040\000F\000i\000l\000e\000\040\000R\000e\000f\000e\000r\000e\000n\000c\000e}{chapter.5}% 327
\BOOKMARK [2][-]{subsection.5.15.1}{\376\377\0005\000.\0001\0005\000.\0001\000\040\000D\000e\000t\000a\000i\000l\000e\000d\000\040\000D\000e\000s\000c\000r\000i\000p\000t\000i\000o\000n}{section.5.15}% 328
\BOOKMARK [2][-]{subsection.5.15.2}{\376\377\0005\000.\0001\0005\000.\0002\000\040\000F\000u\000n\000c\000t\000i\000o\000n\000\040\000D\000o\000c\000u\000m\000e\000n\000t\000a\000t\000i\000o\000n}{section.5.15}% 329
\BOOKMARK [3][-]{subsubsection.5.15.2.1}{\376\377\0005\000.\0001\0005\000.\0002\000.\0001\000\040\000E\000H\000\137\000P\000S\000\137\000n\000w\000\050\000\051}{subsection.5.15.2}% 330
\BOOKMARK [3][-]{subsubsection.5.15.2.2}{\376\377\0005\000.\0001\0005\000.\0002\000.\0002\000\040\000E\000H\000\137\000P\000S\000\137\000w\000\050\000\051}{subsection.5.15.2}% 331
\BOOKMARK [3][-]{subsubsection.5.15.2.3}{\376\377\0005\000.\0001\0005\000.\0002\000.\0003\000\040\000p\000k\000\137\000G\000f\000i\000l\000t\000e\000r\000\137\000n\000w\000\050\000\051}{subsection.5.15.2}% 332
\BOOKMARK [3][-]{subsubsection.5.15.2.4}{\376\377\0005\000.\0001\0005\000.\0002\000.\0004\000\040\000p\000k\000\137\000n\000w\000\137\000i\000n\000t\000e\000g\000r\000a\000n\000d\000\050\000\051}{subsection.5.15.2}% 333
\BOOKMARK [3][-]{subsubsection.5.15.2.5}{\376\377\0005\000.\0001\0005\000.\0002\000.\0005\000\040\000T\000\050\000\051}{subsection.5.15.2}% 334
\BOOKMARK [3][-]{subsubsection.5.15.2.6}{\376\377\0005\000.\0001\0005\000.\0002\000.\0006\000\040\000T\0000\000\050\000\051}{subsection.5.15.2}% 335
\BOOKMARK [3][-]{subsubsection.5.15.2.7}{\376\377\0005\000.\0001\0005\000.\0002\000.\0007\000\040\000T\000t\0000\000\050\000\051}{subsection.5.15.2}% 336
